Welcome to QBASIC.
Please type login.
Please login as: machine or agent
Please select a transaction
A. deposit to an account
B. withdraw from an account
C. transfer from one account to another
D. creating a new account
E. delete an existing account
Please enter the letter: 
Please type in account number 7 digits long not starting with 0
Please enter account name between 3 and 30 alphanumeric digits
Please select a transaction
A. deposit to an account
B. withdraw from an account
C. transfer from one account to another
D. creating a new account
E. delete an existing account
Please enter the letter: 
Please enter the from account number: 
Please enter the from account number: 
